# JRE version: OpenJDK Runtime Environment Microsoft-8035246 (17.0.8+7) (build 17.0.8+7-LTS)
# Java VM: OpenJDK 64-Bit Server VM Microsoft-8035246 (17.0.8+7-LTS, mixed mode, sharing, tiered, compressed oops, compressed class ptrs, g1 gc, windows-amd64)
GC Precious Log:
 CPUs: 2 total, 2 available
 Memory: 3935M
 Large Page Support: Disabled
 NUMA Support: Disabled
 Compressed Oops: Enabled (32-bit)
 Heap Region Size: 1M
 Heap Min Capacity: 8M
 Heap Initial Capacity: 62M
 Heap Max Capacity: 2G
 Pre-touch: Disabled
 Parallel Workers: 2
 Concurrent Workers: 1
 Concurrent Refinement Workers: 2
 Periodic GC: Disabled
Heap:
 garbage-first heap   total 295936K, used 169550K [0x0000000080000000, 0x0000000100000000)
  region size 1024K, 26 young (26624K), 2 survivors (2048K)
 Metaspace       used 97789K, committed 98688K, reserved 557056K
  class space    used 13665K, committed 14080K, reserved 425984K
GC Heap History (20 events):
Event: 142.711 GC heap before
{Heap before GC invocations=81 (full 0):
 garbage-first heap   total 194560K, used 128000K [0x0000000080000000, 0x0000000100000000)
  region size 1024K, 9 young (9216K), 4 survivors (4096K)
 Metaspace       used 88638K, committed 89472K, reserved 557056K
  class space    used 12473K, committed 12864K, reserved 425984K
}
Event: 142.725 GC heap after
{Heap after GC invocations=82 (full 0):
 garbage-first heap   total 194560K, used 123950K [0x0000000080000000, 0x0000000100000000)
  region size 1024K, 1 young (1024K), 1 survivors (1024K)
 Metaspace       used 88638K, committed 89472K, reserved 557056K
  class space    used 12473K, committed 12864K, reserved 425984K
}
Event: 142.984 GC heap before
{Heap before GC invocations=82 (full 0):
 garbage-first heap   total 194560K, used 125998K [0x0000000080000000, 0x0000000100000000)
  region size 1024K, 4 young (4096K), 1 survivors (1024K)
 Metaspace       used 88667K, committed 89600K, reserved 557056K
  class space    used 12477K, committed 12928K, reserved 425984K
}
Event: 142.990 GC heap after
{Heap after GC invocations=83 (full 0):
 garbage-first heap   total 194560K, used 124542K [0x0000000080000000, 0x0000000100000000)
  region size 1024K, 1 young (1024K), 1 survivors (1024K)
 Metaspace       used 88667K, committed 89600K, reserved 557056K
  class space    used 12477K, committed 12928K, reserved 425984K
}
Event: 146.916 GC heap before
{Heap before GC invocations=84 (full 0):
 garbage-first heap   total 208896K, used 157310K [0x0000000080000000, 0x0000000100000000)
  region size 1024K, 32 young (32768K), 1 survivors (1024K)
 Metaspace       used 89735K, committed 90624K, reserved 557056K
  class space    used 12609K, committed 12992K, reserved 425984K
}
Event: 146.936 GC heap after
{Heap after GC invocations=85 (full 0):
 garbage-first heap   total 208896K, used 132242K [0x0000000080000000, 0x0000000100000000)
  region size 1024K, 4 young (4096K), 4 survivors (4096K)
 Metaspace       used 89735K, committed 90624K, reserved 557056K
  class space    used 12609K, committed 12992K, reserved 425984K
}
Event: 147.340 GC heap before
{Heap before GC invocations=85 (full 0):
 garbage-first heap   total 208896K, used 138386K [0x0000000080000000, 0x0000000100000000)
  region size 1024K, 10 young (10240K), 4 survivors (4096K)
 Metaspace       used 90142K, committed 91072K, reserved 557056K
  class space    used 12667K, committed 13056K, reserved 425984K
}
Event: 147.361 GC heap after
{Heap after GC invocations=86 (full 0):
 garbage-first heap   total 208896K, used 132280K [0x0000000080000000, 0x0000000100000000)
  region size 1024K, 1 young (1024K), 1 survivors (1024K)
 Metaspace       used 90142K, committed 91072K, reserved 557056K
  class space    used 12667K, committed 13056K, reserved 425984K
}
Event: 150.253 GC heap before
{Heap before GC invocations=86 (full 0):
 garbage-first heap   total 208896K, used 165048K [0x0000000080000000, 0x0000000100000000)
  region size 1024K, 33 young (33792K), 1 survivors (1024K)
 Metaspace       used 93683K, committed 94656K, reserved 557056K
  class space    used 13175K, committed 13632K, reserved 425984K
}
Event: 150.265 GC heap after
{Heap after GC invocations=87 (full 0):
 garbage-first heap   total 208896K, used 133578K [0x0000000080000000, 0x0000000100000000)
  region size 1024K, 2 young (2048K), 2 survivors (2048K)
 Metaspace       used 93683K, committed 94656K, reserved 557056K
  class space    used 13175K, committed 13632K, reserved 425984K
}
Event: 153.923 GC heap before
{Heap before GC invocations=88 (full 0):
 garbage-first heap   total 225280K, used 167370K [0x0000000080000000, 0x0000000100000000)
  region size 1024K, 35 young (35840K), 2 survivors (2048K)
 Metaspace       used 95281K, committed 96192K, reserved 557056K
  class space    used 13386K, committed 13824K, reserved 425984K
}
Event: 153.950 GC heap after
{Heap after GC invocations=89 (full 0):
 garbage-first heap   total 225280K, used 136761K [0x0000000080000000, 0x0000000100000000)
  region size 1024K, 5 young (5120K), 5 survivors (5120K)
 Metaspace       used 95281K, committed 96192K, reserved 557056K
  class space    used 13386K, committed 13824K, reserved 425984K
}
Event: 154.461 GC heap before
{Heap before GC invocations=89 (full 0):
 garbage-first heap   total 225280K, used 142905K [0x0000000080000000, 0x0000000100000000)
  region size 1024K, 11 young (11264K), 5 survivors (5120K)
 Metaspace       used 95565K, committed 96512K, reserved 557056K
  class space    used 13416K, committed 13888K, reserved 425984K
}
Event: 154.485 GC heap after
{Heap after GC invocations=90 (full 0):
 garbage-first heap   total 225280K, used 136775K [0x0000000080000000, 0x0000000100000000)
  region size 1024K, 2 young (2048K), 2 survivors (2048K)
 Metaspace       used 95565K, committed 96512K, reserved 557056K
  class space    used 13416K, committed 13888K, reserved 425984K
}
Event: 157.939 GC heap before
{Heap before GC invocations=90 (full 0):
 garbage-first heap   total 225280K, used 177735K [0x0000000080000000, 0x0000000100000000)
  region size 1024K, 42 young (43008K), 2 survivors (2048K)
 Metaspace       used 96354K, committed 97344K, reserved 557056K
  class space    used 13500K, committed 13952K, reserved 425984K
}
Event: 157.965 GC heap after
{Heap after GC invocations=91 (full 0):
 garbage-first heap   total 295936K, used 140476K [0x0000000080000000, 0x0000000100000000)
  region size 1024K, 5 young (5120K), 5 survivors (5120K)
 Metaspace       used 96354K, committed 97344K, reserved 557056K
  class space    used 13500K, committed 13952K, reserved 425984K
}
Event: 168.100 GC heap before
{Heap before GC invocations=92 (full 0):
 garbage-first heap   total 295936K, used 216252K [0x0000000080000000, 0x0000000100000000)
  region size 1024K, 80 young (81920K), 5 survivors (5120K)
 Metaspace       used 97706K, committed 98624K, reserved 557056K
  class space    used 13659K, committed 14080K, reserved 425984K
}
Event: 168.143 GC heap after
{Heap after GC invocations=93 (full 0):
 garbage-first heap   total 295936K, used 145681K [0x0000000080000000, 0x0000000100000000)
  region size 1024K, 10 young (10240K), 10 survivors (10240K)
 Metaspace       used 97706K, committed 98624K, reserved 557056K
  class space    used 13659K, committed 14080K, reserved 425984K
}
Event: 168.716 GC heap before
{Heap before GC invocations=93 (full 0):
 garbage-first heap   total 295936K, used 149777K [0x0000000080000000, 0x0000000100000000)
  region size 1024K, 14 young (14336K), 10 survivors (10240K)
 Metaspace       used 97788K, committed 98688K, reserved 557056K
  class space    used 13665K, committed 14080K, reserved 425984K
}
Event: 168.763 GC heap after
{Heap after GC invocations=94 (full 0):
 garbage-first heap   total 295936K, used 147022K [0x0000000080000000, 0x0000000100000000)
  region size 1024K, 2 young (2048K), 2 survivors (2048K)
 Metaspace       used 97788K, committed 98688K, reserved 557056K
  class space    used 13665K, committed 14080K, reserved 425984K
}

